Loading required package: foreach
Loading required package: iterators
Loading required package: parallel
[1] "NormM34TaeMae"
[1] "m=3,normal,mae"
[1] 128
  n       MAE
1 1 0.3064774
  n       MAE
1 2 0.1920815
  n       MAE
1 3 0.1658621
  n       MAE
1 4 0.1467782
  n       MAE
1 5 0.1286468
  n       MAE
1 6 0.1169359
  n       MAE
1 7 0.1043909
  n        MAE
1 8 0.09357504
  n        MAE
1 9 0.08524822
   n        MAE
1 10 0.07999343
   n       MAE
1 11 0.0737455
   n        MAE
1 12 0.06875391
   n        MAE
1 13 0.06375472
   n        MAE
1 14 0.05909793
   n        MAE
1 15 0.05626361
   n        MAE
1 16 0.05372007
   n        MAE
1 17 0.05051695
   n        MAE
1 18 0.04796916
   n        MAE
1 19 0.04565307
   n        MAE
1 20 0.04333126
   n        MAE
1 21 0.04195928
   n        MAE
1 22 0.04017129
   n        MAE
1 23 0.03868002
   n       MAE
1 24 0.0371153
   n       MAE
1 25 0.0356805
   n       MAE
1 26 0.0345357
   n        MAE
1 27 0.03313475
   n        MAE
1 28 0.03208986
   n        MAE
1 29 0.03125283
   n        MAE
1 30 0.03039208
   n        MAE
1 31 0.02913332
   n        MAE
1 32 0.02849622
   n        MAE
1 33 0.02772948
   n        MAE
1 34 0.02677629
   n        MAE
1 35 0.02614338
   n        MAE
1 36 0.02524595
   n        MAE
1 37 0.02481844
   n        MAE
1 38 0.02421582
   n        MAE
1 39 0.02359526
   n        MAE
1 40 0.02294593
   n       MAE
1 41 0.0225526
   n        MAE
1 42 0.02203522
   n        MAE
1 43 0.02142332
   n        MAE
1 44 0.02110737
   n        MAE
1 45 0.02059246
   n        MAE
1 46 0.02023199
   n        MAE
1 47 0.01978271
   n        MAE
1 48 0.01938622
   n        MAE
1 49 0.01892796
   n        MAE
1 50 0.01869435
   n        MAE
1 51 0.01832043
   n        MAE
1 52 0.01786505
   n        MAE
1 53 0.01762029
   n        MAE
1 54 0.01734525
   n        MAE
1 55 0.01701024
   n        MAE
1 56 0.01668885
   n        MAE
1 57 0.01634364
   n        MAE
1 58 0.01611631
   n        MAE
1 59 0.01587421
   n        MAE
1 60 0.01559659
   n        MAE
1 61 0.01535757
   n        MAE
1 62 0.01511881
   n        MAE
1 63 0.01493332
   n        MAE
1 64 0.01467523
   n        MAE
1 65 0.01444087
   n        MAE
1 66 0.01423964
   n        MAE
1 67 0.01400817
   n        MAE
1 68 0.01381983
   n       MAE
1 69 0.0136056
   n       MAE
1 70 0.0134369
   n       MAE
1 71 0.0132666
   n        MAE
1 72 0.01306224
   n        MAE
1 73 0.01289678
   n       MAE
1 74 0.0127632
   n        MAE
1 75 0.01255329
   n       MAE
1 76 0.0123564
   n        MAE
1 77 0.01223354
   n       MAE
1 78 0.0120871
   n        MAE
1 79 0.01194432
   n        MAE
1 80 0.01177371
   n        MAE
1 81 0.01165868
   n        MAE
1 82 0.01151329
   n        MAE
1 83 0.01137624
   n       MAE
1 84 0.0112837
   n        MAE
1 85 0.01108153
   n       MAE
1 86 0.0109968
   n        MAE
1 87 0.01087515
   n        MAE
1 88 0.01077123
   n        MAE
1 89 0.01060449
   n        MAE
1 90 0.01049817
   n        MAE
1 91 0.01040859
   n        MAE
1 92 0.01030771
   n        MAE
1 93 0.01018346
   n        MAE
1 94 0.01009288
   n         MAE
1 95 0.009961495
   n         MAE
1 96 0.009878298
   n         MAE
1 97 0.009812303
   n         MAE
1 98 0.009705152
   n         MAE
1 99 0.009579972
    n         MAE
1 100 0.009493684
[1] "m=4,normal,mae"
  n       MAE
1 1 0.2534325
  n       MAE
1 2 0.1473682
  n       MAE
1 3 0.1104302
  n      MAE
1 4 0.087103
  n        MAE
1 5 0.07045006
  n        MAE
1 6 0.05726462
  n        MAE
1 7 0.04796326
  n        MAE
1 8 0.04032431
  n        MAE
1 9 0.03566063
   n        MAE
1 10 0.03076508
   n        MAE
1 11 0.02724157
   n        MAE
1 12 0.02455046
   n        MAE
1 13 0.02189093
   n        MAE
1 14 0.01978288
   n      MAE
1 15 0.018227
   n        MAE
1 16 0.01642683
   n        MAE
1 17 0.01516218
   n        MAE
1 18 0.01404956
   n        MAE
1 19 0.01296808
   n        MAE
1 20 0.01215269
   n        MAE
1 21 0.01132611
   n        MAE
1 22 0.01055941
   n         MAE
1 23 0.009957861
   n         MAE
1 24 0.009398565
   n         MAE
1 25 0.008852883
   n         MAE
1 26 0.008406817
   n      MAE
1 27 0.007993
   n         MAE
1 28 0.007534995
   n         MAE
1 29 0.007221188
   n         MAE
1 30 0.006846196
   n         MAE
1 31 0.006512491
   n         MAE
1 32 0.006230733
   n         MAE
1 33 0.005972391
   n         MAE
1 34 0.005687341
   n         MAE
1 35 0.005476152
   n         MAE
1 36 0.005243048
   n         MAE
1 37 0.005064488
   n         MAE
1 38 0.004850794
   n         MAE
1 39 0.004664305
   n         MAE
1 40 0.004525951
   n         MAE
1 41 0.004337355
   n        MAE
1 42 0.00419452
   n         MAE
1 43 0.004058561
   n         MAE
1 44 0.003941578
   n         MAE
1 45 0.003811508
   n         MAE
1 46 0.003674019
   n        MAE
1 47 0.00357377
   n         MAE
1 48 0.003449895
   n         MAE
1 49 0.003349221
   n         MAE
1 50 0.003251938
   n         MAE
1 51 0.003175643
   n        MAE
1 52 0.00307516
   n         MAE
1 53 0.003002258
   n         MAE
1 54 0.002914275
   n         MAE
1 55 0.002843977
   n         MAE
1 56 0.002770054
   n         MAE
1 57 0.002702708
   n         MAE
1 58 0.002626532
   n         MAE
1 59 0.002557601
   n         MAE
1 60 0.002486206
   n         MAE
1 61 0.002434908
   n         MAE
1 62 0.002388935
   n         MAE
1 63 0.002314561
   n         MAE
1 64 0.002273063
   n         MAE
1 65 0.002220119
   n         MAE
1 66 0.002175208
   n         MAE
1 67 0.002126016
   n         MAE
1 68 0.002078993
   n         MAE
1 69 0.002037097
   n        MAE
1 70 0.00198893
   n         MAE
1 71 0.001946479
   n        MAE
1 72 0.00190718
   n        MAE
1 73 0.00187024
   n         MAE
1 74 0.001834158
   n         MAE
1 75 0.001796553
   n         MAE
1 76 0.001766227
   n         MAE
1 77 0.001731824
   n         MAE
1 78 0.001699375
   n         MAE
1 79 0.001663142
   n         MAE
1 80 0.001632136
   n         MAE
1 81 0.001607552
   n         MAE
1 82 0.001577973
   n         MAE
1 83 0.001553786
   n         MAE
1 84 0.001523266
   n         MAE
1 85 0.001496348
   n         MAE
1 86 0.001469849
   n         MAE
1 87 0.001447228
   n         MAE
1 88 0.001422252
   n         MAE
1 89 0.001397184
   n         MAE
1 90 0.001375412
   n         MAE
1 91 0.001348509
   n        MAE
1 92 0.00132918
   n         MAE
1 93 0.001311112
   n         MAE
1 94 0.001289993
   n         MAE
1 95 0.001266534
   n         MAE
1 96 0.001251227
   n        MAE
1 97 0.00122962
   n         MAE
1 98 0.001208503
   n         MAE
1 99 0.001196061
    n         MAE
1 100 0.001175489
[1] "m=3,normal,tae"
  n       TAE
1 1 0.4964148
  n       TAE
2 2 0.5128986
  n       TAE
3 3 0.5770154
  n      TAE
4 4 0.628052
  n       TAE
5 5 0.6879218
  n       TAE
6 6 0.7326745
  n       TAE
7 7 0.7793767
  n       TAE
8 8 0.8130524
  n       TAE
9 9 0.8470011
    n       TAE
10 10 0.8780018
    n       TAE
11 11 0.9017655
    n       TAE
12 12 0.9246097
    n       TAE
13 13 0.9458353
    n       TAE
14 14 0.9632027
    n       TAE
15 15 0.9815858
    n       TAE
16 16 0.9969842
    n      TAE
17 17 1.010107
    n      TAE
18 18 1.022488
    n      TAE
19 19 1.034784
    n      TAE
20 20 1.045738
    n      TAE
21 21 1.055625
    n      TAE
22 22 1.065882
    n      TAE
23 23 1.074988
    n      TAE
24 24 1.082961
    n      TAE
25 25 1.090271
    n      TAE
26 26 1.097999
    n      TAE
27 27 1.104927
    n      TAE
28 28 1.111181
    n      TAE
29 29 1.117333
    n      TAE
30 30 1.123267
    n     TAE
31 31 1.12887
    n      TAE
32 32 1.134383
    n      TAE
33 33 1.139091
    n      TAE
34 34 1.144096
    n      TAE
35 35 1.148658
    n      TAE
36 36 1.153183
    n      TAE
37 37 1.157297
    n      TAE
38 38 1.161438
    n      TAE
39 39 1.164883
    n     TAE
40 40 1.16898
    n      TAE
41 41 1.172383
    n      TAE
42 42 1.175938
    n      TAE
43 43 1.179218
    n      TAE
44 44 1.182407
    n      TAE
45 45 1.185324
    n      TAE
46 46 1.188467
    n     TAE
47 47 1.19099
    n      TAE
48 48 1.193753
    n      TAE
49 49 1.196468
    n      TAE
50 50 1.199312
    n      TAE
51 51 1.201597
    n      TAE
52 52 1.204124
    n      TAE
53 53 1.206353
    n     TAE
54 54 1.20875
    n      TAE
55 55 1.210926
    n      TAE
56 56 1.212912
    n      TAE
57 57 1.215083
    n      TAE
58 58 1.216929
    n      TAE
59 59 1.219053
    n      TAE
60 60 1.220762
    n      TAE
61 61 1.222609
    n      TAE
62 62 1.224715
    n      TAE
63 63 1.226282
    n     TAE
64 64 1.22767
    n      TAE
65 65 1.229424
    n      TAE
66 66 1.231221
    n      TAE
67 67 1.232642
    n      TAE
68 68 1.234206
    n      TAE
69 69 1.235444
    n      TAE
70 70 1.237242
    n      TAE
71 71 1.238849
    n      TAE
72 72 1.240381
    n      TAE
73 73 1.241369
    n      TAE
74 74 1.242702
    n      TAE
75 75 1.244006
    n      TAE
76 76 1.245464
    n      TAE
77 77 1.246396
    n      TAE
78 78 1.247858
    n      TAE
79 79 1.248941
    n      TAE
80 80 1.250338
    n      TAE
81 81 1.251338
    n      TAE
82 82 1.252506
    n      TAE
83 83 1.253332
    n      TAE
84 84 1.254768
    n      TAE
85 85 1.255578
    n      TAE
86 86 1.256637
    n      TAE
87 87 1.257572
    n      TAE
88 88 1.258696
    n      TAE
89 89 1.259181
    n      TAE
90 90 1.260247
    n      TAE
91 91 1.261397
    n      TAE
92 92 1.262307
    n      TAE
93 93 1.263232
    n      TAE
94 94 1.264179
    n      TAE
95 95 1.265097
    n      TAE
96 96 1.265908
    n      TAE
97 97 1.266823
    n      TAE
98 98 1.267444
    n      TAE
99 99 1.268311
      n      TAE
100 100 1.269375
[1] "__________________________________"
Error in { : 
  task 495 failed - "NA/NaN/Inf in foreign function call (arg 6)"
Calls: %dopar% -> <Anonymous>
Execution halted
