Loading required package: foreach
Loading required package: iterators
Loading required package: parallel
[1] "NormM34TaeMae"
[1] "m=3,normal,mae"
[1] 128
  n       MAE
1 1 0.2873936
  n       MAE
1 2 0.1929937
  n       MAE
1 3 0.1620104
  n       MAE
1 4 0.1442841
  n       MAE
1 5 0.1308506
  n       MAE
1 6 0.1164399
  n       MAE
1 7 0.1049655
  n        MAE
1 8 0.09428982
  n        MAE
1 9 0.08637415
   n       MAE
1 10 0.0789053
   n        MAE
1 11 0.07331685
   n      MAE
1 12 0.068585
   n        MAE
1 13 0.06444866
   n        MAE
1 14 0.05959084
   n        MAE
1 15 0.05670707
   n        MAE
1 16 0.05322668
   n        MAE
1 17 0.05060227
   n       MAE
1 18 0.0480555
   n        MAE
1 19 0.04590373
   n        MAE
1 20 0.04395347
   n        MAE
1 21 0.04179325
   n        MAE
1 22 0.03980482
   n        MAE
1 23 0.03824513
   n      MAE
1 24 0.037381
   n       MAE
1 25 0.0358609
   n       MAE
1 26 0.0343556
   n        MAE
1 27 0.03304205
   n        MAE
1 28 0.03236245
   n        MAE
1 29 0.03102322
   n        MAE
1 30 0.03015825
   n        MAE
1 31 0.02925768
   n        MAE
1 32 0.02847024
   n        MAE
1 33 0.02762522
   n        MAE
1 34 0.02686556
   n        MAE
1 35 0.02594868
   n        MAE
1 36 0.02541918
   n       MAE
1 37 0.0248641
   n        MAE
1 38 0.02421155
   n        MAE
1 39 0.02365361
   n        MAE
1 40 0.02312037
   n        MAE
1 41 0.02248029
   n        MAE
1 42 0.02196614
   n        MAE
1 43 0.02158451
   n        MAE
1 44 0.02101789
   n        MAE
1 45 0.02049066
   n        MAE
1 46 0.02020777
   n        MAE
1 47 0.01977652
   n        MAE
1 48 0.01941059
   n        MAE
1 49 0.01896927
   n        MAE
1 50 0.01855015
   n        MAE
1 51 0.01818515
   n      MAE
1 52 0.017953
   n        MAE
1 53 0.01755723
   n        MAE
1 54 0.01726015
   n       MAE
1 55 0.0170198
   n        MAE
1 56 0.01668882
   n        MAE
1 57 0.01642229
   n        MAE
1 58 0.01611687
   n        MAE
1 59 0.01587177
   n        MAE
1 60 0.01560629
   n        MAE
1 61 0.01534696
   n        MAE
1 62 0.01509892
   n        MAE
1 63 0.01486019
   n        MAE
1 64 0.01465048
   n        MAE
1 65 0.01443046
   n        MAE
1 66 0.01422769
   n        MAE
1 67 0.01399355
   n        MAE
1 68 0.01384547
   n       MAE
1 69 0.0136224
   n        MAE
1 70 0.01343842
   n        MAE
1 71 0.01326352
   n        MAE
1 72 0.01309184
   n       MAE
1 73 0.0128614
   n        MAE
1 74 0.01272188
   n        MAE
1 75 0.01255209
   n        MAE
1 76 0.01240948
   n        MAE
1 77 0.01223699
   n        MAE
1 78 0.01214068
   n        MAE
1 79 0.01194349
   n        MAE
1 80 0.01178831
   n        MAE
1 81 0.01168191
   n        MAE
1 82 0.01157039
   n       MAE
1 83 0.0113538
   n        MAE
1 84 0.01126264
   n        MAE
1 85 0.01113424
   n        MAE
1 86 0.01096656
   n        MAE
1 87 0.01089564
   n        MAE
1 88 0.01075569
   n        MAE
1 89 0.01062444
   n        MAE
1 90 0.01052803
   n        MAE
1 91 0.01038342
   n        MAE
1 92 0.01026907
   n        MAE
1 93 0.01020401
   n        MAE
1 94 0.01007116
   n        MAE
1 95 0.00996874
   n         MAE
1 96 0.009877688
   n         MAE
1 97 0.009755568
   n         MAE
1 98 0.009652464
   n         MAE
1 99 0.009589593
    n         MAE
1 100 0.009497354
[1] "m=4,normal,mae"
[1] 128
  n       MAE
1 1 0.2378416
  n       MAE
1 2 0.1499629
  n       MAE
1 3 0.1086439
  n        MAE
1 4 0.08743498
  n        MAE
1 5 0.07017923
  n        MAE
1 6 0.05761232
  n        MAE
1 7 0.04683349
  n        MAE
1 8 0.04071948
  n       MAE
1 9 0.0352538
   n        MAE
1 10 0.03094194
   n       MAE
1 11 0.0270959
   n        MAE
1 12 0.02439781
   n        MAE
1 13 0.02177744
   n        MAE
1 14 0.01998414
   n        MAE
1 15 0.01804283
   n        MAE
1 16 0.01657393
   n        MAE
1 17 0.01514236
   n        MAE
1 18 0.01397905
   n        MAE
1 19 0.01305758
   n        MAE
1 20 0.01220829
   n        MAE
1 21 0.01131743
   n        MAE
1 22 0.01062416
   n         MAE
1 23 0.009947958
   n         MAE
1 24 0.009350497
   n         MAE
1 25 0.008840202
   n         MAE
1 26 0.008338075
   n         MAE
1 27 0.007963515
   n         MAE
1 28 0.007550451
   n         MAE
1 29 0.007201905
   n         MAE
1 30 0.006876541
   n         MAE
1 31 0.006526992
   n        MAE
1 32 0.00623441
   n        MAE
1 33 0.00599448
   n         MAE
1 34 0.005701893
   n         MAE
1 35 0.005479049
   n         MAE
1 36 0.005270294
   n         MAE
1 37 0.005050208
   n         MAE
1 38 0.004879081
   n         MAE
1 39 0.004707552
   n         MAE
1 40 0.004515816
   n         MAE
1 41 0.004348215
   n         MAE
1 42 0.004205088
   n         MAE
1 43 0.004052194
   n         MAE
1 44 0.003916502
   n         MAE
1 45 0.003815989
   n         MAE
1 46 0.003686301
   n        MAE
1 47 0.00357094
   n         MAE
1 48 0.003464721
   n         MAE
1 49 0.003366581
   n         MAE
1 50 0.003259055
   n         MAE
1 51 0.003171672
   n         MAE
1 52 0.003080308
   n         MAE
1 53 0.002990508
   n         MAE
1 54 0.002919294
   n         MAE
1 55 0.002836545
   n         MAE
1 56 0.002776755
   n         MAE
1 57 0.002686541
   n         MAE
1 58 0.002628521
   n         MAE
1 59 0.002559882
   n         MAE
1 60 0.002493854
   n         MAE
1 61 0.002446446
   n         MAE
1 62 0.002379895
   n         MAE
1 63 0.002329173
   n         MAE
1 64 0.002264591
   n         MAE
1 65 0.002223424
   n         MAE
1 66 0.002176545
   n         MAE
1 67 0.002121871
   n         MAE
1 68 0.002075956
   n         MAE
1 69 0.002035154
   n         MAE
1 70 0.001989874
   n        MAE
1 71 0.00195118
   n         MAE
1 72 0.001910423
   n         MAE
1 73 0.001877305
   n         MAE
1 74 0.001832683
   n         MAE
1 75 0.001804007
   n         MAE
1 76 0.001763316
   n         MAE
1 77 0.001732644
   n         MAE
1 78 0.001698735
   n         MAE
1 79 0.001668591
   n         MAE
1 80 0.001628509
   n        MAE
1 81 0.00160709
   n         MAE
1 82 0.001572623
   n         MAE
1 83 0.001549934
   n         MAE
1 84 0.001526332
   n         MAE
1 85 0.001496163
   n         MAE
1 86 0.001466972
   n         MAE
1 87 0.001446517
   n         MAE
1 88 0.001420249
   n         MAE
1 89 0.001394275
   n        MAE
1 90 0.00137882
   n         MAE
1 91 0.001352025
   n        MAE
1 92 0.00133018
   n         MAE
1 93 0.001315078
   n         MAE
1 94 0.001286413
   n        MAE
1 95 0.00126852
   n         MAE
1 96 0.001247214
   n         MAE
1 97 0.001231436
   n         MAE
1 98 0.001210292
   n         MAE
1 99 0.001196448
    n         MAE
1 100 0.001172682
[1] "m=3,normal,tae"
[1] 128
Error in { : 
  task 491 failed - "NA/NaN/Inf in foreign function call (arg 6)"
Calls: %dopar% -> <Anonymous>
Execution halted
