
Attaching package: ‘poissonmulti’

The following objects are masked _by_ ‘.GlobalEnv’:

    l.vec.compute, pmatrix

Loading required package: foreach
Loading required package: iterators
Loading required package: parallel
[1] "b from 10^1 to 10^5"
   n m  B        max   err.max          75      err.75          50      err.50
1 10 3 10 0.08564271 0.1143573 0.004187482 0.004187482 1.69347e-05 1.69347e-05
   n m  B        max    err.max          75      err.75    50 err.50
1 20 3 10 0.04593685 0.05406315 0.000191002 0.000191002 9e-10  9e-10
   n m  B        max    err.max         75     err.75 50 err.50
1 30 3 10 0.03139543 0.06860457 9.3893e-06 9.3893e-06  0      0
   n m  B        max    err.max       75   err.75 50 err.50
1 40 3 10 0.02308234 0.07691766 5.16e-07 5.16e-07  0      0
   n m  B        max    err.max       75   err.75 50 err.50
1 50 3 10 0.01851394 0.01851394 3.17e-08 3.17e-08  0      0
   n m  B        max    err.max    75 err.75 50 err.50
1 60 3 10 0.01630743 0.01630743 7e-10  7e-10  0      0
   n m  B        max    err.max 75 err.75 50 err.50
1 70 3 10 0.01413126 0.08586874  0      0  0      0
   n m  B       max   err.max 75 err.75 50 err.50
1 80 3 10 0.0117517 0.0117517  0      0  0      0
   n m  B        max    err.max 75 err.75 50 err.50
1 90 3 10 0.01027567 0.01027567  0      0  0      0
    n m  B         max     err.max 75 err.75 50 err.50
1 100 3 10 0.009609362 0.009609362  0      0  0      0
   n m   B        max    err.max         75     err.75          50      err.50
1 10 3 100 0.08665746 0.01665746 0.00432817 0.00567183 2.68705e-05 2.68705e-05
   n m   B        max     err.max           75       err.75    50 err.50
1 20 3 100 0.04514915 0.004850853 0.0001990359 0.0001990359 6e-10  6e-10
   n m   B        max    err.max         75     err.75 50 err.50
1 30 3 100 0.03166592 0.01166592 7.3627e-06 7.3627e-06  0      0
   n m   B        max    err.max        75    err.75 50 err.50
1 40 3 100 0.02274202 0.00274202 6.926e-07 6.926e-07  0      0
   n m   B        max     err.max       75   err.75 50 err.50
1 50 3 100 0.01887576 0.008875758 2.68e-08 2.68e-08  0      0
   n m   B        max    err.max      75  err.75 50 err.50
1 60 3 100 0.01539016 0.01539016 1.9e-09 1.9e-09  0      0
   n m   B        max     err.max    75 err.75 50 err.50
1 70 3 100 0.01367805 0.003678054 1e-10  1e-10  0      0
   n m   B        max     err.max 75 err.75 50 err.50
1 80 3 100 0.01184054 0.001840537  0      0  0      0
   n m   B        max    err.max 75 err.75 50 err.50
1 90 3 100 0.01071369 0.01071369  0      0  0      0
    n m   B        max    err.max 75 err.75 50 err.50
1 100 3 100 0.00981972 0.00981972  0      0  0      0
   n m    B        max    err.max          75      err.75         50     err.50
1 10 3 1000 0.08098802 0.01198802 0.005184067 0.002815933 8.4394e-05 8.4394e-05
   n m    B        max     err.max           75       err.75      50  err.50
1 20 3 1000 0.04308814 0.002088141 0.0002602053 0.0002602053 2.3e-09 2.3e-09
   n m    B        max     err.max          75      err.75 50 err.50
1 30 3 1000 0.03058687 0.009413125 1.02046e-05 1.02046e-05  0      0
   n m    B        max      err.max       75   err.75 50 err.50
1 40 3 1000 0.02356916 0.0004308364 4.38e-07 4.38e-07  0      0
   n m    B        max      err.max       75   err.75 50 err.50
1 50 3 1000 0.01913073 0.0008692694 1.83e-08 1.83e-08  0      0
   n m    B        max     err.max      75  err.75 50 err.50
1 60 3 1000 0.01604563 0.003045634 1.1e-09 1.1e-09  0      0
   n m    B        max     err.max    75 err.75 50 err.50
1 70 3 1000 0.01382122 0.004178781 1e-10  1e-10  0      0
   n m    B       max     err.max 75 err.75 50 err.50
1 80 3 1000 0.0122544 0.001254405  0      0  0      0
   n m    B        max    err.max 75 err.75 50 err.50
1 90 3 1000 0.01062745 0.00262745  0      0  0      0
    n m    B        max    err.max 75 err.75 50 err.50
1 100 3 1000 0.00973303 0.00473303  0      0  0      0
   n m     B        max      err.max          75      err.75          50
1 10 3 10000 0.08680836 0.0006916429 0.005260021 0.001060021 5.46548e-05
        err.50
1 0.0001453452
   n m     B        max      err.max           75       err.75    50 err.50
1 20 3 10000 0.04733178 0.0005317797 0.0001628796 0.0001371204 1e-10  1e-10
   n m     B        max      err.max         75     err.75 50 err.50
1 30 3 10000 0.03282068 0.0006206821 5.0772e-06 5.0772e-06  0      0
   n m     B        max      err.max        75    err.75 50 err.50
1 40 3 10000 0.02383628 0.0001637215 4.247e-07 4.247e-07  0      0
   n m     B       max     err.max       75   err.75 50 err.50
1 50 3 10000 0.0189785 0.001421505 2.11e-08 2.11e-08  0      0
   n m     B        max      err.max    75 err.75 50 err.50
1 60 3 10000 0.01635768 0.0001423181 9e-10  9e-10  0      0
   n m     B       max      err.max    75 err.75 50 err.50
1 70 3 10000 0.0134599 0.0007598964 1e-10  1e-10  0      0
   n m     B        max      err.max 75 err.75 50 err.50
1 80 3 10000 0.01191526 0.0006152605  0      0  0      0
   n m     B        max     err.max 75 err.75 50 err.50
1 90 3 10000 0.01090042 0.001100416  0      0  0      0
    n m     B         max     err.max 75 err.75 50 err.50
1 100 3 10000 0.009636752 0.001036752  0      0  0      0
   n m     B        max      err.max         75       err.75          50
1 10 3 1e+05 0.08321865 0.0009713517 0.00564946 0.0001505399 7.40409e-05
       err.50
1 3.59591e-05
   n m     B        max     err.max           75     err.75      50  err.50
1 20 3 1e+05 0.04440035 0.001690354 0.0001943608 5.6392e-06 1.3e-09 1.3e-09
   n m     B        max     err.max          75     err.75 50 err.50
1 30 3 1e+05 0.03116071 0.001180712 1.03015e-05 9.6985e-06  0      0
   n m     B        max   err.max        75    err.75 50 err.50
1 40 3 1e+05 0.02382933 6.725e-07 3.613e-07 3.613e-07  0      0
   n m     B        max     err.max       75   err.75 50 err.50
1 50 3 1e+05 0.01903888 3.11244e-05 2.26e-08 2.26e-08  0      0
   n m     B        max      err.max      75  err.75 50 err.50
1 60 3 1e+05 0.01578598 0.0002659768 1.4e-09 1.4e-09  0      0
   n m     B        max     err.max    75 err.75 50 err.50
1 70 3 1e+05 0.01358582 8.41792e-05 1e-10  1e-10  0      0
   n m     B        max     err.max 75 err.75 50 err.50
1 80 3 1e+05 0.01178142 1.14176e-05  0      0  0      0
   n m     B        max     err.max 75 err.75 50 err.50
1 90 3 1e+05 0.01037741 6.25906e-05  0      0  0      0
    n m     B         max      err.max 75 err.75 50 err.50
1 100 3 1e+05 0.009478847 0.0003811535  0      0  0      0

Attaching package: ‘poissonmulti’

The following objects are masked _by_ ‘.GlobalEnv’:

    l.vec.compute, pmatrix

[1] "b from 10^6 to 10^7"
   n m     B        max     err.max          75      err.75          50
1 10 3 1e+06 0.09557786 0.000314857 0.003663507 2.55068e-05 1.88343e-05
      err.50
1 2.8343e-06
   n m     B        max     err.max           75     err.75    50 err.50
1 20 3 1e+06 0.04674003 5.09709e-05 0.0001836011 2.6011e-06 1e-10  1e-10
   n m     B        max      err.max         75    err.75 50 err.50
1 30 3 1e+06 0.03130386 0.0001028599 8.5634e-06 4.366e-07  0      0
   n m     B        max      err.max        75    err.75 50 err.50
1 40 3 1e+06 0.02352265 0.0001123497 4.365e-07 4.365e-07  0      0
   n m     B        max     err.max       75   err.75 50 err.50
1 50 3 1e+06 0.01954943 7.45675e-05 1.73e-08 1.73e-08  0      0
   n m     B        max     err.max      75  err.75 50 err.50
1 60 3 1e+06 0.01573606 8.99411e-05 1.3e-09 1.3e-09  0      0
   n m     B        max     err.max    75 err.75 50 err.50
1 70 3 1e+06 0.01364486 0.000293139 1e-10  1e-10  0      0
   n m     B        max     err.max 75 err.75 50 err.50
1 80 3 1e+06 0.01172459 3.74127e-05  0      0  0      0
   n m     B        max      err.max 75 err.75 50 err.50
1 90 3 1e+06 0.01052481 0.0002678075  0      0  0      0
    n m     B         max      err.max 75 err.75 50 err.50
1 100 3 1e+06 0.009421939 0.0001030608  0      0  0      0
   n m     B        max      err.max         75      err.75          50
1 10 3 1e+07 0.09374773 0.0001365732 0.00437675 1.16498e-05 1.70615e-05
      err.50
1 2.5385e-06
   n m     B        max     err.max           75     err.75      50  err.50
1 20 3 1e+07 0.04290753 4.61698e-05 0.0002314027 2.5027e-06 4.6e-09 4.6e-09
   n m     B        max     err.max         75   err.75 50 err.50
1 30 3 1e+07 0.03143464 3.34618e-05 8.4659e-06 6.59e-08  0      0
   n m     B        max    err.max        75   err.75 50 err.50
1 40 3 1e+07 0.02537294 6.4844e-05 1.764e-07 2.36e-08  0      0
   n m     B        max    err.max      75  err.75 50 err.50
1 50 3 1e+07 0.01881625 4.1529e-06 2.2e-08 7.8e-08  0      0
   n m     B        max    err.max    75   err.75 50 err.50
1 60 3 1e+07 0.01606967 2.7674e-05 9e-10 9.91e-08  0      0
   n m     B        max     err.max    75 err.75 50 err.50
1 70 3 1e+07 0.01368419 3.35855e-05 1e-10  1e-10  0      0
   n m     B        max     err.max 75 err.75 50 err.50
1 80 3 1e+07 0.01179146 2.74602e-05  0      0  0      0
   n m     B       max    err.max 75 err.75 50 err.50
1 90 3 1e+07 0.0103567 5.9998e-06  0      0  0      0
    n m     B        max   err.max 75 err.75 50 err.50
1 100 3 1e+07 0.00992737 1.083e-05  0      0  0      0
